

Started GET "/" for 127.0.0.1 at Mon Sep 26 19:11:46 -0400 2011
  Processing by WorkoutsController#index as HTML
Completed 500 Internal Server Error in 1ms

ActiveRecord::StatementInvalid (Could not find table 'workouts'):
  app/controllers/workouts_controller.rb:5:in `index'

Rendered /Library/Ruby/Gems/1.8/gems/actionpack-3.1.0/lib/action_dispatch/middleware/templates/rescues/_trace.erb (1.3ms)
Rendered /Library/Ruby/Gems/1.8/gems/actionpack-3.1.0/lib/action_dispatch/middleware/templates/rescues/_request_and_response.erb (0.8ms)
Rendered /Library/Ruby/Gems/1.8/gems/actionpack-3.1.0/lib/action_dispatch/middleware/templates/rescues/diagnostics.erb within rescues/layout (6.1ms)
Compiled gmaps4rails/gmaps4rails.base.js  (1021ms)  (pid 14771)
Compiled gmaps4rails/gmaps4rails.bing.js  (195ms)  (pid 14771)
Compiled gmaps4rails/gmaps4rails.googlemaps.js  (311ms)  (pid 14771)
Compiled gmaps4rails/gmaps4rails.mapquest.js  (151ms)  (pid 14771)
Compiled gmaps4rails/gmaps4rails.openlayers.js  (256ms)  (pid 14771)
Compiled jquery-ui.min.js  (23ms)  (pid 14771)
Compiled jquery.min.js  (26ms)  (pid 14771)
Compiled application.js  (6ms)  (pid 14771)
Compiled jquery.js  (17ms)  (pid 14771)
Compiled jquery_ujs.js  (1ms)  (pid 14771)
Compiled workouts.js  (72ms)  (pid 14771)
Compiled gmaps4rails/googlemaps.js  (14ms)  (pid 14771)
Compiled gmaps4rails/gmaps4rails.base.js  (824ms)  (pid 14771)
Compiled gmaps4rails/gmaps4rails.googlemaps.js  (308ms)  (pid 14771)
Compiled application.css  (1ms)  (pid 14771)
Compiled gmaps4rails.css  (0ms)  (pid 14771)
Compiled scaffolds.css  (42ms)  (pid 14771)
Compiled workouts.css  (2ms)  (pid 14771)
